<?xml version="1.0" encoding="UTF-8"?>
<coverage generated="1640200463960" clover="3.2.0">
  <project timestamp="1640200463960" name="All files">
    <metrics statements="8" coveredstatements="8" conditionals="0" coveredconditionals="0" methods="2" coveredmethods="2" elements="10" coveredelements="10" complexity="0" loc="8" ncloc="8" packages="1" files="2" classes="2"/>
    <file name="HelloWorld.vue" path="/home/wncks125/공부파일/Portfolio/portfolio-front/src/components/HelloWorld.vue">
      <metrics statements="3" coveredstatements="3" conditionals="0" coveredconditionals="0" methods="1" coveredmethods="1"/>
      <line num="138" count="1" type="stmt"/>
      <line num="145" count="2" type="stmt"/>
      <line num="147" count="1" type="stmt"/>
    </file>
    <file name="Testing.vue" path="/home/wncks125/공부파일/Portfolio/portfolio-front/src/components/Testing.vue">
      <metrics statements="5" coveredstatements="5" conditionals="0" coveredconditionals="0" methods="1" coveredmethods="1"/>
      <line num="11" count="1" type="stmt"/>
      <line num="13" count="1" type="stmt"/>
      <line num="15" count="1" type="stmt"/>
      <line num="16" count="1" type="stmt"/>
      <line num="21" count="1" type="stmt"/>
    </file>
  </project>
</coverage>
