{"/home/wncks125/공부파일/Portfolio/portfolio-front/src/components/HelloWorld.vue": {"path":"/home/wncks125/공부파일/Portfolio/portfolio-front/src/components/HelloWorld.vue","statementMap":{"0":{"start":{"line":138,"column":0},"end":{"line":138,"column":null}},"1":{"start":{"line":145,"column":0},"end":{"line":145,"column":21}},"2":{"start":{"line":145,"column":40},"end":{"line":145,"column":null}},"3":{"start":{"line":145,"column":21},"end":{"line":145,"column":31}},"4":{"start":{"line":147,"column":0},"end":{"line":147,"column":1}}},"fnMap":{"0":{"name":"(anonymous_0)","decl":{"start":{"line":145,"column":0},"end":{"line":145,"column":21}},"loc":{"start":{"line":145,"column":0},"end":{"line":147,"column":null}}}},"branchMap":{},"s":{"0":1,"1":1,"2":1,"3":2,"4":1},"f":{"0":2},"b":{}}
,"/home/wncks125/공부파일/Portfolio/portfolio-front/src/components/Testing.vue": {"path":"/home/wncks125/공부파일/Portfolio/portfolio-front/src/components/Testing.vue","statementMap":{"0":{"start":{"line":11,"column":0},"end":{"line":11,"column":null}},"1":{"start":{"line":13,"column":15},"end":{"line":13,"column":31}},"2":{"start":{"line":15,"column":22},"end":{"line":15,"column":null}},"3":{"start":{"line":16,"column":26},"end":{"line":16,"column":35}},"4":{"start":{"line":21,"column":4},"end":{"line":21,"column":13}}},"fnMap":{"0":{"name":"(anonymous_0)","decl":{"start":{"line":14,"column":7},"end":{"line":14,"column":null}},"loc":{"start":{"line":14,"column":7},"end":{"line":22,"column":null}}}},"branchMap":{},"s":{"0":1,"1":1,"2":1,"3":1,"4":1},"f":{"0":1},"b":{}}
}
